<html>
<head>
<title>TestNG:  calculator base</title>
<link href="../testng.css" rel="stylesheet" type="text/css" />
<link href="../my-testng.css" rel="stylesheet" type="text/css" />

<style type="text/css">
.log { display: none;} 
.stack-trace { display: none;} 
</style>
<script type="text/javascript">
<!--
function flip(e) {
  current = e.style.display;
  if (current == 'block') {
    e.style.display = 'none';
    return 0;
  }
  else {
    e.style.display = 'block';
    return 1;
  }
}

function toggleBox(szDivId, elem, msg1, msg2)
{
  var res = -1;  if (document.getElementById) {
    res = flip(document.getElementById(szDivId));
  }
  else if (document.all) {
    // this is the way old msie versions work
    res = flip(document.all[szDivId]);
  }
  if(elem) {
    if(res == 0) elem.innerHTML = msg1; else elem.innerHTML = msg2;
  }

}

function toggleAllBoxes() {
  if (document.getElementsByTagName) {
    d = document.getElementsByTagName('div');
    for (i = 0; i < d.length; i++) {
      if (d[i].className == 'log') {
        flip(d[i]);
      }
    }
  }
}

// -->
</script>

</head>
<body>
<h2 align='center'>calculator base</h2><table border='1' align="center">
<tr>
<td>Tests passed/Failed/Skipped:</td><td>27/10/0</td>
</tr><tr>
<td>Started on:</td><td>Sun Aug 11 11:35:12 MSK 2019</td>
</tr>
<tr><td>Total time:</td><td>0 seconds (43 ms)</td>
</tr><tr>
<td>Included groups:</td><td>smoke extended </td>
</tr><tr>
<td>Excluded groups:</td><td></td>
</tr>
</table><p/>
<small><i>(Hover the method name to see the test class name)</i></small><p/>
<table width='100%' border='1' class='invocation-failed'>
<tr><td colspan='4' align='center'><b>FAILED TESTS</b></td></tr>
<tr><td><b>Test method</b></td>
<td width="30%"><b>Exception</b></td>
<td width="10%"><b>Time (seconds)</b></td>
<td><b>Instance</b></td>
</tr>
<tr>
<td title='cgTest()'><b>CgTest</b><br>Test class: testng.CtgTest<br>Parameters: 1, 0.0699268</td>
<td><div><pre>java.lang.AssertionError: wrong result. Method implementation is wrong expected [0.0699268] but found [0.7615941559557649]
	at cgTest(CtgTest.java:12)
	at java.util.concurrent.ThreadPoolExecutor.runWorker(ThreadPoolExecutor.java:1142)
	at java.util.concurrent.ThreadPoolExecutor$Worker.run(ThreadPoolExecutor.java:617)
	at java.lang.Thread.run(Thread.java:745)
... Removed 14 stack frames</pre></div><a href='#' onClick='toggleBox("stack-trace1640856579", this, "Click to show all stack frames", "Click to hide stack frames")'>Click to show all stack frames</a>
<div class='stack-trace' id='stack-trace1640856579'><pre>java.lang.AssertionError: wrong result. Method implementation is wrong expected [0.0699268] but found [0.7615941559557649]
	at org.testng.Assert.fail(Assert.java:96)
	at org.testng.Assert.failNotEquals(Assert.java:776)
	at org.testng.Assert.assertEqualsImpl(Assert.java:137)
	at org.testng.Assert.assertEquals(Assert.java:118)
	at cgTest(CtgTest.java:12)
	at sun.reflect.NativeMethodAccessorImpl.invoke0(Native Method)
	at sun.reflect.NativeMethodAccessorImpl.invoke(NativeMethodAccessorImpl.java:62)
	at sun.reflect.DelegatingMethodAccessorImpl.invoke(DelegatingMethodAccessorImpl.java:43)
	at java.lang.reflect.Method.invoke(Method.java:498)
	at org.testng.internal.MethodInvocationHelper.invokeMethod(MethodInvocationHelper.java:124)
	at org.testng.internal.Invoker.invokeMethod(Invoker.java:583)
	at org.testng.internal.Invoker.invokeTestMethod(Invoker.java:719)
	at org.testng.internal.Invoker.invokeTestMethods(Invoker.java:989)
	at org.testng.internal.TestMethodWorker.invokeTestMethods(TestMethodWorker.java:125)
	at org.testng.internal.TestMethodWorker.run(TestMethodWorker.java:109)
	at java.util.concurrent.ThreadPoolExecutor.runWorker(ThreadPoolExecutor.java:1142)
	at java.util.concurrent.ThreadPoolExecutor$Worker.run(ThreadPoolExecutor.java:617)
	at java.lang.Thread.run(Thread.java:745)
</pre></div></td>
<td>0</td>
<td>testng.CtgTest@18ef96</td></tr>
<tr>
<td title='cgTest()'><b>CgTest</b><br>Test class: testng.CtgTest<br>Parameters: 6.25, 0.1095178</td>
<td><div><pre>java.lang.AssertionError: wrong result. Method implementation is wrong expected [0.1095178] but found [0.9999925467214317]
	at cgTest(CtgTest.java:12)
	at java.util.concurrent.ThreadPoolExecutor.runWorker(ThreadPoolExecutor.java:1142)
	at java.util.concurrent.ThreadPoolExecutor$Worker.run(ThreadPoolExecutor.java:617)
	at java.lang.Thread.run(Thread.java:745)
... Removed 14 stack frames</pre></div><a href='#' onClick='toggleBox("stack-trace1101162309", this, "Click to show all stack frames", "Click to hide stack frames")'>Click to show all stack frames</a>
<div class='stack-trace' id='stack-trace1101162309'><pre>java.lang.AssertionError: wrong result. Method implementation is wrong expected [0.1095178] but found [0.9999925467214317]
	at org.testng.Assert.fail(Assert.java:96)
	at org.testng.Assert.failNotEquals(Assert.java:776)
	at org.testng.Assert.assertEqualsImpl(Assert.java:137)
	at org.testng.Assert.assertEquals(Assert.java:118)
	at cgTest(CtgTest.java:12)
	at sun.reflect.NativeMethodAccessorImpl.invoke0(Native Method)
	at sun.reflect.NativeMethodAccessorImpl.invoke(NativeMethodAccessorImpl.java:62)
	at sun.reflect.DelegatingMethodAccessorImpl.invoke(DelegatingMethodAccessorImpl.java:43)
	at java.lang.reflect.Method.invoke(Method.java:498)
	at org.testng.internal.MethodInvocationHelper.invokeMethod(MethodInvocationHelper.java:124)
	at org.testng.internal.Invoker.invokeMethod(Invoker.java:583)
	at org.testng.internal.Invoker.invokeTestMethod(Invoker.java:719)
	at org.testng.internal.Invoker.invokeTestMethods(Invoker.java:989)
	at org.testng.internal.TestMethodWorker.invokeTestMethods(TestMethodWorker.java:125)
	at org.testng.internal.TestMethodWorker.run(TestMethodWorker.java:109)
	at java.util.concurrent.ThreadPoolExecutor.runWorker(ThreadPoolExecutor.java:1142)
	at java.util.concurrent.ThreadPoolExecutor$Worker.run(ThreadPoolExecutor.java:617)
	at java.lang.Thread.run(Thread.java:745)
</pre></div></td>
<td>0</td>
<td>testng.CtgTest@18ef96</td></tr>
<tr>
<td title='powDoubleTest()'><b>PowDoubleTest</b><br>Test class: testng.PowTest<br>Parameters: 2, 1.1, 2.14354693</td>
<td><div><pre>java.lang.AssertionError: The result is rounded! Error in method implementation! expected [2.14354693] but found [2.0]
	at powDoubleTest(PowTest.java:12)
	at java.util.concurrent.ThreadPoolExecutor.runWorker(ThreadPoolExecutor.java:1142)
	at java.util.concurrent.ThreadPoolExecutor$Worker.run(ThreadPoolExecutor.java:617)
	at java.lang.Thread.run(Thread.java:745)
... Removed 14 stack frames</pre></div><a href='#' onClick='toggleBox("stack-trace1356832626", this, "Click to show all stack frames", "Click to hide stack frames")'>Click to show all stack frames</a>
<div class='stack-trace' id='stack-trace1356832626'><pre>java.lang.AssertionError: The result is rounded! Error in method implementation! expected [2.14354693] but found [2.0]
	at org.testng.Assert.fail(Assert.java:96)
	at org.testng.Assert.failNotEquals(Assert.java:776)
	at org.testng.Assert.assertEqualsImpl(Assert.java:137)
	at org.testng.Assert.assertEquals(Assert.java:118)
	at powDoubleTest(PowTest.java:12)
	at sun.reflect.NativeMethodAccessorImpl.invoke0(Native Method)
	at sun.reflect.NativeMethodAccessorImpl.invoke(NativeMethodAccessorImpl.java:62)
	at sun.reflect.DelegatingMethodAccessorImpl.invoke(DelegatingMethodAccessorImpl.java:43)
	at java.lang.reflect.Method.invoke(Method.java:498)
	at org.testng.internal.MethodInvocationHelper.invokeMethod(MethodInvocationHelper.java:124)
	at org.testng.internal.Invoker.invokeMethod(Invoker.java:583)
	at org.testng.internal.Invoker.invokeTestMethod(Invoker.java:719)
	at org.testng.internal.Invoker.invokeTestMethods(Invoker.java:989)
	at org.testng.internal.TestMethodWorker.invokeTestMethods(TestMethodWorker.java:125)
	at org.testng.internal.TestMethodWorker.run(TestMethodWorker.java:109)
	at java.util.concurrent.ThreadPoolExecutor.runWorker(ThreadPoolExecutor.java:1142)
	at java.util.concurrent.ThreadPoolExecutor$Worker.run(ThreadPoolExecutor.java:617)
	at java.lang.Thread.run(Thread.java:745)
</pre></div></td>
<td>0</td>
<td>testng.PowTest@52d455b8</td></tr>
<tr>
<td title='tgTest()'><b>TgTest</b><br>Test class: testng.TgTest<br>Parameters: 0, 0</td>
<td><div><pre>java.lang.AssertionError: wrong result. Method implementation is wrong expected [0.0] but found [NaN]
	at tgTest(TgTest.java:12)
	at java.util.concurrent.ThreadPoolExecutor.runWorker(ThreadPoolExecutor.java:1142)
	at java.util.concurrent.ThreadPoolExecutor$Worker.run(ThreadPoolExecutor.java:617)
	at java.lang.Thread.run(Thread.java:745)
... Removed 14 stack frames</pre></div><a href='#' onClick='toggleBox("stack-trace1787369617", this, "Click to show all stack frames", "Click to hide stack frames")'>Click to show all stack frames</a>
<div class='stack-trace' id='stack-trace1787369617'><pre>java.lang.AssertionError: wrong result. Method implementation is wrong expected [0.0] but found [NaN]
	at org.testng.Assert.fail(Assert.java:96)
	at org.testng.Assert.failNotEquals(Assert.java:776)
	at org.testng.Assert.assertEqualsImpl(Assert.java:137)
	at org.testng.Assert.assertEquals(Assert.java:118)
	at tgTest(TgTest.java:12)
	at sun.reflect.NativeMethodAccessorImpl.invoke0(Native Method)
	at sun.reflect.NativeMethodAccessorImpl.invoke(NativeMethodAccessorImpl.java:62)
	at sun.reflect.DelegatingMethodAccessorImpl.invoke(DelegatingMethodAccessorImpl.java:43)
	at java.lang.reflect.Method.invoke(Method.java:498)
	at org.testng.internal.MethodInvocationHelper.invokeMethod(MethodInvocationHelper.java:124)
	at org.testng.internal.Invoker.invokeMethod(Invoker.java:583)
	at org.testng.internal.Invoker.invokeTestMethod(Invoker.java:719)
	at org.testng.internal.Invoker.invokeTestMethods(Invoker.java:989)
	at org.testng.internal.TestMethodWorker.invokeTestMethods(TestMethodWorker.java:125)
	at org.testng.internal.TestMethodWorker.run(TestMethodWorker.java:109)
	at java.util.concurrent.ThreadPoolExecutor.runWorker(ThreadPoolExecutor.java:1142)
	at java.util.concurrent.ThreadPoolExecutor$Worker.run(ThreadPoolExecutor.java:617)
	at java.lang.Thread.run(Thread.java:745)
</pre></div></td>
<td>0</td>
<td>testng.TgTest@5a42bbf4</td></tr>
<tr>
<td title='tgTest()'><b>TgTest</b><br>Test class: testng.TgTest<br>Parameters: 1, 0.0699268</td>
<td><div><pre>java.lang.AssertionError: wrong result. Method implementation is wrong expected [0.0699268] but found [1.0]
	at tgTest(TgTest.java:12)
	at java.util.concurrent.ThreadPoolExecutor.runWorker(ThreadPoolExecutor.java:1142)
	at java.util.concurrent.ThreadPoolExecutor$Worker.run(ThreadPoolExecutor.java:617)
	at java.lang.Thread.run(Thread.java:745)
... Removed 14 stack frames</pre></div><a href='#' onClick='toggleBox("stack-trace1406525299", this, "Click to show all stack frames", "Click to hide stack frames")'>Click to show all stack frames</a>
<div class='stack-trace' id='stack-trace1406525299'><pre>java.lang.AssertionError: wrong result. Method implementation is wrong expected [0.0699268] but found [1.0]
	at org.testng.Assert.fail(Assert.java:96)
	at org.testng.Assert.failNotEquals(Assert.java:776)
	at org.testng.Assert.assertEqualsImpl(Assert.java:137)
	at org.testng.Assert.assertEquals(Assert.java:118)
	at tgTest(TgTest.java:12)
	at sun.reflect.NativeMethodAccessorImpl.invoke0(Native Method)
	at sun.reflect.NativeMethodAccessorImpl.invoke(NativeMethodAccessorImpl.java:62)
	at sun.reflect.DelegatingMethodAccessorImpl.invoke(DelegatingMethodAccessorImpl.java:43)
	at java.lang.reflect.Method.invoke(Method.java:498)
	at org.testng.internal.MethodInvocationHelper.invokeMethod(MethodInvocationHelper.java:124)
	at org.testng.internal.Invoker.invokeMethod(Invoker.java:583)
	at org.testng.internal.Invoker.invokeTestMethod(Invoker.java:719)
	at org.testng.internal.Invoker.invokeTestMethods(Invoker.java:989)
	at org.testng.internal.TestMethodWorker.invokeTestMethods(TestMethodWorker.java:125)
	at org.testng.internal.TestMethodWorker.run(TestMethodWorker.java:109)
	at java.util.concurrent.ThreadPoolExecutor.runWorker(ThreadPoolExecutor.java:1142)
	at java.util.concurrent.ThreadPoolExecutor$Worker.run(ThreadPoolExecutor.java:617)
	at java.lang.Thread.run(Thread.java:745)
</pre></div></td>
<td>0</td>
<td>testng.TgTest@5a42bbf4</td></tr>
<tr>
<td title='tgTest()'><b>TgTest</b><br>Test class: testng.TgTest<br>Parameters: 6.25, 0.1095178</td>
<td><div><pre>java.lang.AssertionError: wrong result. Method implementation is wrong expected [0.1095178] but found [1.0]
	at tgTest(TgTest.java:12)
	at java.util.concurrent.ThreadPoolExecutor.runWorker(ThreadPoolExecutor.java:1142)
	at java.util.concurrent.ThreadPoolExecutor$Worker.run(ThreadPoolExecutor.java:617)
	at java.lang.Thread.run(Thread.java:745)
... Removed 14 stack frames</pre></div><a href='#' onClick='toggleBox("stack-trace2127150591", this, "Click to show all stack frames", "Click to hide stack frames")'>Click to show all stack frames</a>
<div class='stack-trace' id='stack-trace2127150591'><pre>java.lang.AssertionError: wrong result. Method implementation is wrong expected [0.1095178] but found [1.0]
	at org.testng.Assert.fail(Assert.java:96)
	at org.testng.Assert.failNotEquals(Assert.java:776)
	at org.testng.Assert.assertEqualsImpl(Assert.java:137)
	at org.testng.Assert.assertEquals(Assert.java:118)
	at tgTest(TgTest.java:12)
	at sun.reflect.NativeMethodAccessorImpl.invoke0(Native Method)
	at sun.reflect.NativeMethodAccessorImpl.invoke(NativeMethodAccessorImpl.java:62)
	at sun.reflect.DelegatingMethodAccessorImpl.invoke(DelegatingMethodAccessorImpl.java:43)
	at java.lang.reflect.Method.invoke(Method.java:498)
	at org.testng.internal.MethodInvocationHelper.invokeMethod(MethodInvocationHelper.java:124)
	at org.testng.internal.Invoker.invokeMethod(Invoker.java:583)
	at org.testng.internal.Invoker.invokeTestMethod(Invoker.java:719)
	at org.testng.internal.Invoker.invokeTestMethods(Invoker.java:989)
	at org.testng.internal.TestMethodWorker.invokeTestMethods(TestMethodWorker.java:125)
	at org.testng.internal.TestMethodWorker.run(TestMethodWorker.java:109)
	at java.util.concurrent.ThreadPoolExecutor.runWorker(ThreadPoolExecutor.java:1142)
	at java.util.concurrent.ThreadPoolExecutor$Worker.run(ThreadPoolExecutor.java:617)
	at java.lang.Thread.run(Thread.java:745)
</pre></div></td>
<td>0</td>
<td>testng.TgTest@5a42bbf4</td></tr>
<tr>
<td title='testng.CosTest.cosTest()'><b>cosTest</b><br>Test class: testng.CosTest<br>Parameters: 0, 1</td>
<td><div><pre>java.lang.AssertionError: expected [1.0] but found [0.0]
	at testng.CosTest.cosTest(CosTest.java:12)
	at java.util.concurrent.ThreadPoolExecutor.runWorker(ThreadPoolExecutor.java:1142)
	at java.util.concurrent.ThreadPoolExecutor$Worker.run(ThreadPoolExecutor.java:617)
	at java.lang.Thread.run(Thread.java:745)
... Removed 15 stack frames</pre></div><a href='#' onClick='toggleBox("stack-trace829649334", this, "Click to show all stack frames", "Click to hide stack frames")'>Click to show all stack frames</a>
<div class='stack-trace' id='stack-trace829649334'><pre>java.lang.AssertionError: expected [1.0] but found [0.0]
	at org.testng.Assert.fail(Assert.java:96)
	at org.testng.Assert.failNotEquals(Assert.java:776)
	at org.testng.Assert.assertEqualsImpl(Assert.java:137)
	at org.testng.Assert.assertEquals(Assert.java:118)
	at org.testng.Assert.assertEquals(Assert.java:442)
	at testng.CosTest.cosTest(CosTest.java:12)
	at sun.reflect.NativeMethodAccessorImpl.invoke0(Native Method)
	at sun.reflect.NativeMethodAccessorImpl.invoke(NativeMethodAccessorImpl.java:62)
	at sun.reflect.DelegatingMethodAccessorImpl.invoke(DelegatingMethodAccessorImpl.java:43)
	at java.lang.reflect.Method.invoke(Method.java:498)
	at org.testng.internal.MethodInvocationHelper.invokeMethod(MethodInvocationHelper.java:124)
	at org.testng.internal.Invoker.invokeMethod(Invoker.java:583)
	at org.testng.internal.Invoker.invokeTestMethod(Invoker.java:719)
	at org.testng.internal.Invoker.invokeTestMethods(Invoker.java:989)
	at org.testng.internal.TestMethodWorker.invokeTestMethods(TestMethodWorker.java:125)
	at org.testng.internal.TestMethodWorker.run(TestMethodWorker.java:109)
	at java.util.concurrent.ThreadPoolExecutor.runWorker(ThreadPoolExecutor.java:1142)
	at java.util.concurrent.ThreadPoolExecutor$Worker.run(ThreadPoolExecutor.java:617)
	at java.lang.Thread.run(Thread.java:745)
</pre></div></td>
<td>0</td>
<td>testng.CosTest@6956de9</td></tr>
<tr>
<td title='testng.CosTest.cosTest()'><b>cosTest</b><br>Test class: testng.CosTest<br>Parameters: 1, 0</td>
<td><div><pre>java.lang.AssertionError: expected [0.0] but found [0.8414709848078965]
	at testng.CosTest.cosTest(CosTest.java:12)
	at java.util.concurrent.ThreadPoolExecutor.runWorker(ThreadPoolExecutor.java:1142)
	at java.util.concurrent.ThreadPoolExecutor$Worker.run(ThreadPoolExecutor.java:617)
	at java.lang.Thread.run(Thread.java:745)
... Removed 15 stack frames</pre></div><a href='#' onClick='toggleBox("stack-trace166849099", this, "Click to show all stack frames", "Click to hide stack frames")'>Click to show all stack frames</a>
<div class='stack-trace' id='stack-trace166849099'><pre>java.lang.AssertionError: expected [0.0] but found [0.8414709848078965]
	at org.testng.Assert.fail(Assert.java:96)
	at org.testng.Assert.failNotEquals(Assert.java:776)
	at org.testng.Assert.assertEqualsImpl(Assert.java:137)
	at org.testng.Assert.assertEquals(Assert.java:118)
	at org.testng.Assert.assertEquals(Assert.java:442)
	at testng.CosTest.cosTest(CosTest.java:12)
	at sun.reflect.NativeMethodAccessorImpl.invoke0(Native Method)
	at sun.reflect.NativeMethodAccessorImpl.invoke(NativeMethodAccessorImpl.java:62)
	at sun.reflect.DelegatingMethodAccessorImpl.invoke(DelegatingMethodAccessorImpl.java:43)
	at java.lang.reflect.Method.invoke(Method.java:498)
	at org.testng.internal.MethodInvocationHelper.invokeMethod(MethodInvocationHelper.java:124)
	at org.testng.internal.Invoker.invokeMethod(Invoker.java:583)
	at org.testng.internal.Invoker.invokeTestMethod(Invoker.java:719)
	at org.testng.internal.Invoker.invokeTestMethods(Invoker.java:989)
	at org.testng.internal.TestMethodWorker.invokeTestMethods(TestMethodWorker.java:125)
	at org.testng.internal.TestMethodWorker.run(TestMethodWorker.java:109)
	at java.util.concurrent.ThreadPoolExecutor.runWorker(ThreadPoolExecutor.java:1142)
	at java.util.concurrent.ThreadPoolExecutor$Worker.run(ThreadPoolExecutor.java:617)
	at java.lang.Thread.run(Thread.java:745)
</pre></div></td>
<td>0</td>
<td>testng.CosTest@6956de9</td></tr>
<tr>
<td title='testng.CosTest.cosTest()'><b>cosTest</b><br>Test class: testng.CosTest<br>Parameters: -5, 0.28366218546</td>
<td><div><pre>java.lang.AssertionError: expected [0.28366218546] but found [0.9589242746631385]
	at testng.CosTest.cosTest(CosTest.java:12)
	at java.util.concurrent.ThreadPoolExecutor.runWorker(ThreadPoolExecutor.java:1142)
	at java.util.concurrent.ThreadPoolExecutor$Worker.run(ThreadPoolExecutor.java:617)
	at java.lang.Thread.run(Thread.java:745)
... Removed 15 stack frames</pre></div><a href='#' onClick='toggleBox("stack-trace1289517252", this, "Click to show all stack frames", "Click to hide stack frames")'>Click to show all stack frames</a>
<div class='stack-trace' id='stack-trace1289517252'><pre>java.lang.AssertionError: expected [0.28366218546] but found [0.9589242746631385]
	at org.testng.Assert.fail(Assert.java:96)
	at org.testng.Assert.failNotEquals(Assert.java:776)
	at org.testng.Assert.assertEqualsImpl(Assert.java:137)
	at org.testng.Assert.assertEquals(Assert.java:118)
	at org.testng.Assert.assertEquals(Assert.java:442)
	at testng.CosTest.cosTest(CosTest.java:12)
	at sun.reflect.NativeMethodAccessorImpl.invoke0(Native Method)
	at sun.reflect.NativeMethodAccessorImpl.invoke(NativeMethodAccessorImpl.java:62)
	at sun.reflect.DelegatingMethodAccessorImpl.invoke(DelegatingMethodAccessorImpl.java:43)
	at java.lang.reflect.Method.invoke(Method.java:498)
	at org.testng.internal.MethodInvocationHelper.invokeMethod(MethodInvocationHelper.java:124)
	at org.testng.internal.Invoker.invokeMethod(Invoker.java:583)
	at org.testng.internal.Invoker.invokeTestMethod(Invoker.java:719)
	at org.testng.internal.Invoker.invokeTestMethods(Invoker.java:989)
	at org.testng.internal.TestMethodWorker.invokeTestMethods(TestMethodWorker.java:125)
	at org.testng.internal.TestMethodWorker.run(TestMethodWorker.java:109)
	at java.util.concurrent.ThreadPoolExecutor.runWorker(ThreadPoolExecutor.java:1142)
	at java.util.concurrent.ThreadPoolExecutor$Worker.run(ThreadPoolExecutor.java:617)
	at java.lang.Thread.run(Thread.java:745)
</pre></div></td>
<td>0</td>
<td>testng.CosTest@6956de9</td></tr>
<tr>
<td title='testng.MultDoubleTest.multDoubleTest()'><b>multDoubleTest</b><br>Test class: testng.MultDoubleTest<br>Parameters: 1.1, 2.1, 2.31</td>
<td><div><pre>java.lang.AssertionError: Operation error: result was rounded! expected [2.31] but found [2.0]
	at testng.MultDoubleTest.multDoubleTest(MultDoubleTest.java:12)
	at java.util.concurrent.ThreadPoolExecutor.runWorker(ThreadPoolExecutor.java:1142)
	at java.util.concurrent.ThreadPoolExecutor$Worker.run(ThreadPoolExecutor.java:617)
	at java.lang.Thread.run(Thread.java:745)
... Removed 14 stack frames</pre></div><a href='#' onClick='toggleBox("stack-trace967661418", this, "Click to show all stack frames", "Click to hide stack frames")'>Click to show all stack frames</a>
<div class='stack-trace' id='stack-trace967661418'><pre>java.lang.AssertionError: Operation error: result was rounded! expected [2.31] but found [2.0]
	at org.testng.Assert.fail(Assert.java:96)
	at org.testng.Assert.failNotEquals(Assert.java:776)
	at org.testng.Assert.assertEqualsImpl(Assert.java:137)
	at org.testng.Assert.assertEquals(Assert.java:118)
	at testng.MultDoubleTest.multDoubleTest(MultDoubleTest.java:12)
	at sun.reflect.NativeMethodAccessorImpl.invoke0(Native Method)
	at sun.reflect.NativeMethodAccessorImpl.invoke(NativeMethodAccessorImpl.java:62)
	at sun.reflect.DelegatingMethodAccessorImpl.invoke(DelegatingMethodAccessorImpl.java:43)
	at java.lang.reflect.Method.invoke(Method.java:498)
	at org.testng.internal.MethodInvocationHelper.invokeMethod(MethodInvocationHelper.java:124)
	at org.testng.internal.Invoker.invokeMethod(Invoker.java:583)
	at org.testng.internal.Invoker.invokeTestMethod(Invoker.java:719)
	at org.testng.internal.Invoker.invokeTestMethods(Invoker.java:989)
	at org.testng.internal.TestMethodWorker.invokeTestMethods(TestMethodWorker.java:125)
	at org.testng.internal.TestMethodWorker.run(TestMethodWorker.java:109)
	at java.util.concurrent.ThreadPoolExecutor.runWorker(ThreadPoolExecutor.java:1142)
	at java.util.concurrent.ThreadPoolExecutor$Worker.run(ThreadPoolExecutor.java:617)
	at java.lang.Thread.run(Thread.java:745)
</pre></div></td>
<td>0</td>
<td>testng.MultDoubleTest@33e5ccce</td></tr>
</table><p>
<table width='100%' border='1' class='invocation-passed'>
<tr><td colspan='4' align='center'><b>PASSED TESTS</b></td></tr>
<tr><td><b>Test method</b></td>
<td width="30%"><b>Exception</b></td>
<td width="10%"><b>Time (seconds)</b></td>
<td><b>Instance</b></td>
</tr>
<tr>
<td title='cgTest()'><b>CgTest</b><br>Test class: testng.CtgTest<br>Parameters: 0, 0</td>
<td></td>
<td>0</td>
<td>testng.CtgTest@18ef96</td></tr>
<tr>
<td title='powDoubleTest()'><b>PowDoubleTest</b><br>Test class: testng.PowTest<br>Parameters: 1, 2, 1</td>
<td></td>
<td>0</td>
<td>testng.PowTest@52d455b8</td></tr>
<tr>
<td title='powDoubleTest()'><b>PowDoubleTest</b><br>Test class: testng.PowTest<br>Parameters: 5, 2, 25</td>
<td></td>
<td>0</td>
<td>testng.PowTest@52d455b8</td></tr>
<tr>
<td title='powDoubleTest()'><b>PowDoubleTest</b><br>Test class: testng.PowTest<br>Parameters: 1, -2, 1</td>
<td></td>
<td>0</td>
<td>testng.PowTest@52d455b8</td></tr>
<tr>
<td title='powDoubleTest()'><b>PowDoubleTest</b><br>Test class: testng.PowTest<br>Parameters: 0, 0, 1</td>
<td></td>
<td>0</td>
<td>testng.PowTest@52d455b8</td></tr>
<tr>
<td title='sqrtTest()'><b>SqrtTest</b><br>Test class: testng.SqrtTest<br>Parameters: 1, 1</td>
<td></td>
<td>0</td>
<td>testng.SqrtTest@270421f5</td></tr>
<tr>
<td title='sqrtTest()'><b>SqrtTest</b><br>Test class: testng.SqrtTest<br>Parameters: 4, 2</td>
<td></td>
<td>0</td>
<td>testng.SqrtTest@270421f5</td></tr>
<tr>
<td title='sqrtTest()'><b>SqrtTest</b><br>Test class: testng.SqrtTest<br>Parameters: 6.25, 2.5</td>
<td></td>
<td>0</td>
<td>testng.SqrtTest@270421f5</td></tr>
<tr>
<td title='testng.SubDoubleTest.SubDoubleTest()'><b>SubDoubleTest</b><br>Test class: testng.SubDoubleTest<br>Parameters: 1.0, 2.0, -1</td>
<td></td>
<td>0</td>
<td>testng.SubDoubleTest@18e8568</td></tr>
<tr>
<td title='testng.SubDoubleTest.SubDoubleTest()'><b>SubDoubleTest</b><br>Test class: testng.SubDoubleTest<br>Parameters: 5.0, 5.0, 0</td>
<td></td>
<td>0</td>
<td>testng.SubDoubleTest@18e8568</td></tr>
<tr>
<td title='testng.SubDoubleTest.SubDoubleTest()'><b>SubDoubleTest</b><br>Test class: testng.SubDoubleTest<br>Parameters: 1.0, -2.0, 3</td>
<td></td>
<td>0</td>
<td>testng.SubDoubleTest@18e8568</td></tr>
<tr>
<td title='testng.SubDoubleTest.SubDoubleTest()'><b>SubDoubleTest</b><br>Test class: testng.SubDoubleTest<br>Parameters: 0, 0, 0</td>
<td></td>
<td>0</td>
<td>testng.SubDoubleTest@18e8568</td></tr>
<tr>
<td title='testng.SubDoubleTest.SubDoubleTest()'><b>SubDoubleTest</b><br>Test class: testng.SubDoubleTest<br>Parameters: 1, 5, -4</td>
<td></td>
<td>0</td>
<td>testng.SubDoubleTest@18e8568</td></tr>
<tr>
<td title='testng.SumDoubleTest.SumDoubleTest()'><b>SumDoubleTest</b><br>Test class: testng.SumDoubleTest<br>Parameters: 1.1, 2.0, 3.1</td>
<td></td>
<td>0</td>
<td>testng.SumDoubleTest@1c2c22f3</td></tr>
<tr>
<td title='testng.SumDoubleTest.SumDoubleTest()'><b>SumDoubleTest</b><br>Test class: testng.SumDoubleTest<br>Parameters: 5.0, 5.0, 10.0</td>
<td></td>
<td>0</td>
<td>testng.SumDoubleTest@1c2c22f3</td></tr>
<tr>
<td title='testng.SumDoubleTest.SumDoubleTest()'><b>SumDoubleTest</b><br>Test class: testng.SumDoubleTest<br>Parameters: 1.0, -2.0, -1</td>
<td></td>
<td>0</td>
<td>testng.SumDoubleTest@1c2c22f3</td></tr>
<tr>
<td title='testng.SumDoubleTest.SumDoubleTest()'><b>SumDoubleTest</b><br>Test class: testng.SumDoubleTest<br>Parameters: 0, 0, 0</td>
<td></td>
<td>0</td>
<td>testng.SumDoubleTest@1c2c22f3</td></tr>
<tr>
<td title='testng.SumDoubleTest.SumDoubleTest()'><b>SumDoubleTest</b><br>Test class: testng.SumDoubleTest<br>Parameters: -1, 2.0, 1</td>
<td></td>
<td>0</td>
<td>testng.SumDoubleTest@1c2c22f3</td></tr>
<tr>
<td title='testng.SumDoubleTest.SumDoubleTest()'><b>SumDoubleTest</b><br>Test class: testng.SumDoubleTest<br>Parameters: -9, -8.5, -17.5</td>
<td></td>
<td>0</td>
<td>testng.SumDoubleTest@1c2c22f3</td></tr>
<tr>
<td title='testng.DivDoubleTest.divDoubleTest()'><b>divDoubleTest</b><br>Test class: testng.DivDoubleTest<br>Parameters: 1.1, 2.1, 0.5238095238095238</td>
<td></td>
<td>0</td>
<td>testng.DivDoubleTest@4f4a7090</td></tr>
<tr>
<td title='testng.DivDoubleTest.divDoubleTest()'><b>divDoubleTest</b><br>Test class: testng.DivDoubleTest<br>Parameters: 5.0, 5.0, 1</td>
<td></td>
<td>0</td>
<td>testng.DivDoubleTest@4f4a7090</td></tr>
<tr>
<td title='testng.DivDoubleTest.divDoubleTest()'><b>divDoubleTest</b><br>Test class: testng.DivDoubleTest<br>Parameters: 1.0, -2.0, -0.5</td>
<td></td>
<td>0</td>
<td>testng.DivDoubleTest@4f4a7090</td></tr>
<tr>
<td title='testng.DivDoubleTest.divDoubleTest()'><b>divDoubleTest</b><br>Test class: testng.DivDoubleTest<br>Parameters: 1, 5, 0.2</td>
<td></td>
<td>0</td>
<td>testng.DivDoubleTest@4f4a7090</td></tr>
<tr>
<td title='testng.MultDoubleTest.multDoubleTest()'><b>multDoubleTest</b><br>Test class: testng.MultDoubleTest<br>Parameters: 5.0, 5.0, 25</td>
<td></td>
<td>0</td>
<td>testng.MultDoubleTest@33e5ccce</td></tr>
<tr>
<td title='testng.MultDoubleTest.multDoubleTest()'><b>multDoubleTest</b><br>Test class: testng.MultDoubleTest<br>Parameters: 1.0, -2.0, -2</td>
<td></td>
<td>0</td>
<td>testng.MultDoubleTest@33e5ccce</td></tr>
<tr>
<td title='testng.MultDoubleTest.multDoubleTest()'><b>multDoubleTest</b><br>Test class: testng.MultDoubleTest<br>Parameters: 0, 0, 0</td>
<td></td>
<td>0</td>
<td>testng.MultDoubleTest@33e5ccce</td></tr>
<tr>
<td title='testng.MultDoubleTest.multDoubleTest()'><b>multDoubleTest</b><br>Test class: testng.MultDoubleTest<br>Parameters: 1, 5, 5</td>
<td></td>
<td>0</td>
<td>testng.MultDoubleTest@33e5ccce</td></tr>
</table><p>
</body>
</html>