<?xml version="1.0" encoding="UTF-8"?>
<!-- Generated by org.testng.reporters.JUnitXMLReporter -->
<testsuite hostname="Irynas-MacBook-Pro.local" ignored="2" name="calculator tests" tests="37" failures="10" timestamp="11 Aug 2019 07:42:55 GMT" time="0.055" errors="0">
  <testcase name="SumDoubleTest" time="0.001" classname="testng.SumDoubleTest"/>
  <testcase name="SumDoubleTest" time="0.001" classname="testng.SumDoubleTest"/>
  <testcase name="SumDoubleTest" time="0.0" classname="testng.SumDoubleTest"/>
  <testcase name="SumDoubleTest" time="0.0" classname="testng.SumDoubleTest"/>
  <testcase name="SumDoubleTest" time="0.0" classname="testng.SumDoubleTest"/>
  <testcase name="SumDoubleTest" time="0.0" classname="testng.SumDoubleTest"/>
  <testcase name="divDoubleTest" time="0.0" classname="testng.DivDoubleTest"/>
  <testcase name="divDoubleTest" time="0.0" classname="testng.DivDoubleTest"/>
  <testcase name="divDoubleTest" time="0.0" classname="testng.DivDoubleTest"/>
  <testcase name="divDoubleTest" time="0.0" classname="testng.DivDoubleTest"/>
  <testcase name="SubDoubleTest" time="0.0" classname="testng.SubDoubleTest"/>
  <testcase name="SubDoubleTest" time="0.0" classname="testng.SubDoubleTest"/>
  <testcase name="SubDoubleTest" time="0.0" classname="testng.SubDoubleTest"/>
  <testcase name="SubDoubleTest" time="0.0" classname="testng.SubDoubleTest"/>
  <testcase name="SubDoubleTest" time="0.0" classname="testng.SubDoubleTest"/>
  <testcase name="CgTest" time="0.0" classname="testng.CtgTest"/>
  <testcase name="CgTest" time="0.0" classname="testng.CtgTest">
    <failure type="java.lang.AssertionError" message="wrong result. Method implementation is wrong expected [0.0699268] but found [0.7615941559557649]">
      <![CDATA[java.lang.AssertionError: wrong result. Method implementation is wrong expected [0.0699268] but found [0.7615941559557649]
at cgTest(CtgTest.java:12)
at TestngRunner.main(TestngRunner.java:23)
... Removed 27 stack frames]]>
    </failure>
  </testcase> <!-- CgTest -->
  <testcase name="CgTest" time="0.0" classname="testng.CtgTest">
    <failure type="java.lang.AssertionError" message="wrong result. Method implementation is wrong expected [0.1095178] but found [0.9999925467214317]">
      <![CDATA[java.lang.AssertionError: wrong result. Method implementation is wrong expected [0.1095178] but found [0.9999925467214317]
at cgTest(CtgTest.java:12)
at TestngRunner.main(TestngRunner.java:23)
... Removed 27 stack frames]]>
    </failure>
  </testcase> <!-- CgTest -->
  <testcase name="multDoubleTest" time="0.0" classname="testng.MultDoubleTest">
    <failure type="java.lang.AssertionError" message="Operation error: result was rounded! expected [2.31] but found [2.0]">
      <![CDATA[java.lang.AssertionError: Operation error: result was rounded! expected [2.31] but found [2.0]
at testng.MultDoubleTest.multDoubleTest(MultDoubleTest.java:12)
at TestngRunner.main(TestngRunner.java:23)
... Removed 27 stack frames]]>
    </failure>
  </testcase> <!-- multDoubleTest -->
  <testcase name="multDoubleTest" time="0.0" classname="testng.MultDoubleTest"/>
  <testcase name="multDoubleTest" time="0.0" classname="testng.MultDoubleTest"/>
  <testcase name="multDoubleTest" time="0.0" classname="testng.MultDoubleTest"/>
  <testcase name="multDoubleTest" time="0.0" classname="testng.MultDoubleTest"/>
  <testcase name="cosTest" time="0.0" classname="testng.CosTest">
    <failure type="java.lang.AssertionError" message="expected [1.0] but found [0.0]">
      <![CDATA[java.lang.AssertionError: expected [1.0] but found [0.0]
at testng.CosTest.cosTest(CosTest.java:12)
at TestngRunner.main(TestngRunner.java:23)
... Removed 28 stack frames]]>
    </failure>
  </testcase> <!-- cosTest -->
  <testcase name="cosTest" time="0.0" classname="testng.CosTest">
    <failure type="java.lang.AssertionError" message="expected [0.0] but found [0.8414709848078965]">
      <![CDATA[java.lang.AssertionError: expected [0.0] but found [0.8414709848078965]
at testng.CosTest.cosTest(CosTest.java:12)
at TestngRunner.main(TestngRunner.java:23)
... Removed 28 stack frames]]>
    </failure>
  </testcase> <!-- cosTest -->
  <testcase name="cosTest" time="0.001" classname="testng.CosTest">
    <failure type="java.lang.AssertionError" message="expected [0.28366218546] but found [0.9589242746631385]">
      <![CDATA[java.lang.AssertionError: expected [0.28366218546] but found [0.9589242746631385]
at testng.CosTest.cosTest(CosTest.java:12)
at TestngRunner.main(TestngRunner.java:23)
... Removed 28 stack frames]]>
    </failure>
  </testcase> <!-- cosTest -->
  <testcase name="TgTest" time="0.0" classname="testng.TgTest">
    <failure type="java.lang.AssertionError" message="wrong result. Method implementation is wrong expected [0.0] but found [NaN]">
      <![CDATA[java.lang.AssertionError: wrong result. Method implementation is wrong expected [0.0] but found [NaN]
at tgTest(TgTest.java:12)
at TestngRunner.main(TestngRunner.java:23)
... Removed 27 stack frames]]>
    </failure>
  </testcase> <!-- TgTest -->
  <testcase name="TgTest" time="0.001" classname="testng.TgTest">
    <failure type="java.lang.AssertionError" message="wrong result. Method implementation is wrong expected [0.0699268] but found [1.0]">
      <![CDATA[java.lang.AssertionError: wrong result. Method implementation is wrong expected [0.0699268] but found [1.0]
at tgTest(TgTest.java:12)
at TestngRunner.main(TestngRunner.java:23)
... Removed 27 stack frames]]>
    </failure>
  </testcase> <!-- TgTest -->
  <testcase name="TgTest" time="0.0" classname="testng.TgTest">
    <failure type="java.lang.AssertionError" message="wrong result. Method implementation is wrong expected [0.1095178] but found [1.0]">
      <![CDATA[java.lang.AssertionError: wrong result. Method implementation is wrong expected [0.1095178] but found [1.0]
at tgTest(TgTest.java:12)
at TestngRunner.main(TestngRunner.java:23)
... Removed 27 stack frames]]>
    </failure>
  </testcase> <!-- TgTest -->
  <testcase name="SqrtTest" time="0.0" classname="testng.SqrtTest"/>
  <testcase name="SqrtTest" time="0.0" classname="testng.SqrtTest"/>
  <testcase name="SqrtTest" time="0.0" classname="testng.SqrtTest"/>
  <testcase name="PowDoubleTest" time="0.0" classname="testng.PowTest"/>
  <testcase name="PowDoubleTest" time="0.0" classname="testng.PowTest"/>
  <testcase name="PowDoubleTest" time="0.0" classname="testng.PowTest"/>
  <testcase name="PowDoubleTest" time="0.0" classname="testng.PowTest"/>
  <testcase name="PowDoubleTest" time="0.0" classname="testng.PowTest">
    <failure type="java.lang.AssertionError" message="The result is rounded! Error in method implementation! expected [2.14354693] but found [2.0]">
      <![CDATA[java.lang.AssertionError: The result is rounded! Error in method implementation! expected [2.14354693] but found [2.0]
at powDoubleTest(PowTest.java:12)
at TestngRunner.main(TestngRunner.java:23)
... Removed 27 stack frames]]>
    </failure>
  </testcase> <!-- PowDoubleTest -->
  <testcase name="isPositive" time="0.0" classname="testng.IsPositiveTest">
    <ignored/>
  </testcase> <!-- isPositive -->
  <testcase name="divideByZero" time="0.0" classname="testng.DivDoubleTest">
    <ignored/>
  </testcase> <!-- divideByZero -->
</testsuite> <!-- calculator tests -->
