<?xml version="1.0" encoding="UTF-8"?>
<!-- Generated by org.testng.reporters.JUnitXMLReporter -->
<testsuite hostname="Irynas-MacBook-Pro.local" ignored="0" name="testngSmoke" tests="16" failures="1" timestamp="11 Aug 2019 07:34:18 GMT" time="0.043" errors="0">
  <testcase name="SumDoubleTest" time="0.002" classname="testng.SumDoubleTest"/>
  <testcase name="SumDoubleTest" time="0.0" classname="testng.SumDoubleTest"/>
  <testcase name="SumDoubleTest" time="0.0" classname="testng.SumDoubleTest"/>
  <testcase name="SumDoubleTest" time="0.0" classname="testng.SumDoubleTest"/>
  <testcase name="SumDoubleTest" time="0.0" classname="testng.SumDoubleTest"/>
  <testcase name="SumDoubleTest" time="0.0" classname="testng.SumDoubleTest"/>
  <testcase name="SubDoubleTest" time="0.0" classname="testng.SubDoubleTest"/>
  <testcase name="SubDoubleTest" time="0.0" classname="testng.SubDoubleTest"/>
  <testcase name="SubDoubleTest" time="0.0" classname="testng.SubDoubleTest"/>
  <testcase name="SubDoubleTest" time="0.0" classname="testng.SubDoubleTest"/>
  <testcase name="SubDoubleTest" time="0.0" classname="testng.SubDoubleTest"/>
  <testcase name="multDoubleTest" time="0.001" classname="testng.MultDoubleTest">
    <failure type="java.lang.AssertionError" message="Operation error: result was rounded! expected [2.31] but found [2.0]">
      <![CDATA[java.lang.AssertionError: Operation error: result was rounded! expected [2.31] but found [2.0]
at testng.MultDoubleTest.multDoubleTest(MultDoubleTest.java:12)
at TestngRunner.main(TestngRunner.java:23)
... Removed 27 stack frames]]>
    </failure>
  </testcase> <!-- multDoubleTest -->
  <testcase name="multDoubleTest" time="0.0" classname="testng.MultDoubleTest"/>
  <testcase name="multDoubleTest" time="0.0" classname="testng.MultDoubleTest"/>
  <testcase name="multDoubleTest" time="0.0" classname="testng.MultDoubleTest"/>
  <testcase name="multDoubleTest" time="0.0" classname="testng.MultDoubleTest"/>
</testsuite> <!-- testngSmoke -->
