<!DOCTYPE html PUBLIC "-//W3C//DTD XHTML 1.1//EN" "http://www.w3.org/TR/xhtml11/DTD/xhtml11.dtd">
<html xmlns="http://www.w3.org/1999/xhtml">
<head>
<meta http-equiv="content-type" content="text/html; charset=UTF-8"/>
<title>TestNG Report</title>
<style type="text/css">table {margin-bottom:10px;border-collapse:collapse;empty-cells:show}th,td {border:1px solid #009;padding:.25em .5em}th {vertical-align:bottom}td {vertical-align:top}table a {font-weight:bold}.stripe td {background-color: #E6EBF9}.num {text-align:right}.passedodd td {background-color: #3F3}.passedeven td {background-color: #0A0}.skippedodd td {background-color: #DDD}.skippedeven td {background-color: #CCC}.failedodd td,.attn {background-color: #F33}.failedeven td,.stripe .attn {background-color: #D00}.stacktrace {white-space:pre;font-family:monospace}.totop {font-size:85%;text-align:center;border-bottom:2px solid #000}.invisible {display:none}</style>
</head>
<body>
<table>
<tr><th>Test</th><th># Passed</th><th># Skipped</th><th># Failed</th><th>Time (ms)</th><th>Included Groups</th><th>Excluded Groups</th></tr>
<tr><th colspan="7">testngSuite</th></tr>
<tr><td><a href="#t0">calculator base</a></td><td class="num">27</td><td class="num">0</td><td class="num attn">10</td><td class="num">43</td><td>smoke, extended</td><td></td></tr>
<tr><th colspan="7">Default Suite</th></tr>
</table>
<table id='summary'><thead><tr><th>Class</th><th>Method</th><th>Start</th><th>Time (ms)</th></tr></thead><tbody><tr><th colspan="4">testngSuite</th></tr></tbody><tbody id="t0"><tr><th colspan="4">calculator base &#8212; failed</th></tr><tr class="failedeven"><td rowspan="3">testng.CosTest</td><td><a href="#m0">cosTest</a></td><td rowspan="3">1565512512089</td><td rowspan="3">1</td></tr><tr class="failedeven"><td><a href="#m1">cosTest</a></td></tr><tr class="failedeven"><td><a href="#m2">cosTest</a></td></tr><tr class="failedodd"><td rowspan="2">testng.CtgTest</td><td><a href="#m3">CgTest</a></td><td rowspan="2">1565512512090</td><td rowspan="2">0</td></tr><tr class="failedodd"><td><a href="#m4">CgTest</a></td></tr><tr class="failedeven"><td rowspan="1">testng.MultDoubleTest</td><td><a href="#m5">multDoubleTest</a></td><td rowspan="1">1565512512083</td><td rowspan="1">1</td></tr><tr class="failedodd"><td rowspan="1">testng.PowTest</td><td><a href="#m6">PowDoubleTest</a></td><td rowspan="1">1565512512088</td><td rowspan="1">1</td></tr><tr class="failedeven"><td rowspan="3">testng.TgTest</td><td><a href="#m7">TgTest</a></td><td rowspan="3">1565512512087</td><td rowspan="3">1</td></tr><tr class="failedeven"><td><a href="#m8">TgTest</a></td></tr><tr class="failedeven"><td><a href="#m9">TgTest</a></td></tr><tr><th colspan="4">calculator base &#8212; passed</th></tr><tr class="passedeven"><td rowspan="1">testng.CtgTest</td><td><a href="#m10">CgTest</a></td><td rowspan="1">1565512512089</td><td rowspan="1">0</td></tr><tr class="passedodd"><td rowspan="4">testng.DivDoubleTest</td><td><a href="#m11">divDoubleTest</a></td><td rowspan="4">1565512512089</td><td rowspan="4">0</td></tr><tr class="passedodd"><td><a href="#m12">divDoubleTest</a></td></tr><tr class="passedodd"><td><a href="#m13">divDoubleTest</a></td></tr><tr class="passedodd"><td><a href="#m14">divDoubleTest</a></td></tr><tr class="passedeven"><td rowspan="4">testng.MultDoubleTest</td><td><a href="#m15">multDoubleTest</a></td><td rowspan="4">1565512512086</td><td rowspan="4">0</td></tr><tr class="passedeven"><td><a href="#m16">multDoubleTest</a></td></tr><tr class="passedeven"><td><a href="#m17">multDoubleTest</a></td></tr><tr class="passedeven"><td><a href="#m18">multDoubleTest</a></td></tr><tr class="passedodd"><td rowspan="4">testng.PowTest</td><td><a href="#m19">PowDoubleTest</a></td><td rowspan="4">1565512512087</td><td rowspan="4">1</td></tr><tr class="passedodd"><td><a href="#m20">PowDoubleTest</a></td></tr><tr class="passedodd"><td><a href="#m21">PowDoubleTest</a></td></tr><tr class="passedodd"><td><a href="#m22">PowDoubleTest</a></td></tr><tr class="passedeven"><td rowspan="3">testng.SqrtTest</td><td><a href="#m23">SqrtTest</a></td><td rowspan="3">1565512512087</td><td rowspan="3">0</td></tr><tr class="passedeven"><td><a href="#m24">SqrtTest</a></td></tr><tr class="passedeven"><td><a href="#m25">SqrtTest</a></td></tr><tr class="passedodd"><td rowspan="5">testng.SubDoubleTest</td><td><a href="#m26">SubDoubleTest</a></td><td rowspan="5">1565512512085</td><td rowspan="5">0</td></tr><tr class="passedodd"><td><a href="#m27">SubDoubleTest</a></td></tr><tr class="passedodd"><td><a href="#m28">SubDoubleTest</a></td></tr><tr class="passedodd"><td><a href="#m29">SubDoubleTest</a></td></tr><tr class="passedodd"><td><a href="#m30">SubDoubleTest</a></td></tr><tr class="passedeven"><td rowspan="6">testng.SumDoubleTest</td><td><a href="#m31">SumDoubleTest</a></td><td rowspan="6">1565512512085</td><td rowspan="6">0</td></tr><tr class="passedeven"><td><a href="#m32">SumDoubleTest</a></td></tr><tr class="passedeven"><td><a href="#m33">SumDoubleTest</a></td></tr><tr class="passedeven"><td><a href="#m34">SumDoubleTest</a></td></tr><tr class="passedeven"><td><a href="#m35">SumDoubleTest</a></td></tr><tr class="passedeven"><td><a href="#m36">SumDoubleTest</a></td></tr></tbody>
<tbody><tr><th colspan="4">Default Suite</th></tr></tbody></table>
<h2>calculator base</h2><h3 id="m0">testng.CosTest#cosTest</h3><table class="result"><tr class="param"><th>Parameter #1</th><th>Parameter #2</th></tr><tr class="param stripe"><td>0</td><td>1</td></tr><tr><th colspan="2">Exception</th></tr><tr><td colspan="2"><div class="stacktrace">java.lang.AssertionError: expected [1.0] but found [0.0]
	at testng.CosTest.cosTest(CosTest.java:12)
	at java.util.concurrent.ThreadPoolExecutor.runWorker(ThreadPoolExecutor.java:1142)
	at java.util.concurrent.ThreadPoolExecutor$Worker.run(ThreadPoolExecutor.java:617)
	at java.lang.Thread.run(Thread.java:745)
... Removed 15 stack frames</div></td></tr></table><p class="totop"><a href="#summary">back to summary</a></p>
<h3 id="m1">testng.CosTest#cosTest</h3><table class="result"><tr class="param"><th>Parameter #1</th><th>Parameter #2</th></tr><tr class="param stripe"><td>-5</td><td>0.28366218546</td></tr><tr><th colspan="2">Exception</th></tr><tr><td colspan="2"><div class="stacktrace">java.lang.AssertionError: expected [0.28366218546] but found [0.9589242746631385]
	at testng.CosTest.cosTest(CosTest.java:12)
	at java.util.concurrent.ThreadPoolExecutor.runWorker(ThreadPoolExecutor.java:1142)
	at java.util.concurrent.ThreadPoolExecutor$Worker.run(ThreadPoolExecutor.java:617)
	at java.lang.Thread.run(Thread.java:745)
... Removed 15 stack frames</div></td></tr></table><p class="totop"><a href="#summary">back to summary</a></p>
<h3 id="m2">testng.CosTest#cosTest</h3><table class="result"><tr class="param"><th>Parameter #1</th><th>Parameter #2</th></tr><tr class="param stripe"><td>1</td><td>0</td></tr><tr><th colspan="2">Exception</th></tr><tr><td colspan="2"><div class="stacktrace">java.lang.AssertionError: expected [0.0] but found [0.8414709848078965]
	at testng.CosTest.cosTest(CosTest.java:12)
	at java.util.concurrent.ThreadPoolExecutor.runWorker(ThreadPoolExecutor.java:1142)
	at java.util.concurrent.ThreadPoolExecutor$Worker.run(ThreadPoolExecutor.java:617)
	at java.lang.Thread.run(Thread.java:745)
... Removed 15 stack frames</div></td></tr></table><p class="totop"><a href="#summary">back to summary</a></p>
<h3 id="m3">testng.CtgTest#CgTest</h3><table class="result"><tr class="param"><th>Parameter #1</th><th>Parameter #2</th></tr><tr class="param stripe"><td>6.25</td><td>0.1095178</td></tr><tr><th colspan="2">Exception</th></tr><tr><td colspan="2"><div class="stacktrace">java.lang.AssertionError: wrong result. Method implementation is wrong expected [0.1095178] but found [0.9999925467214317]
	at cgTest(CtgTest.java:12)
	at java.util.concurrent.ThreadPoolExecutor.runWorker(ThreadPoolExecutor.java:1142)
	at java.util.concurrent.ThreadPoolExecutor$Worker.run(ThreadPoolExecutor.java:617)
	at java.lang.Thread.run(Thread.java:745)
... Removed 14 stack frames</div></td></tr></table><p class="totop"><a href="#summary">back to summary</a></p>
<h3 id="m4">testng.CtgTest#CgTest</h3><table class="result"><tr class="param"><th>Parameter #1</th><th>Parameter #2</th></tr><tr class="param stripe"><td>1</td><td>0.0699268</td></tr><tr><th colspan="2">Exception</th></tr><tr><td colspan="2"><div class="stacktrace">java.lang.AssertionError: wrong result. Method implementation is wrong expected [0.0699268] but found [0.7615941559557649]
	at cgTest(CtgTest.java:12)
	at java.util.concurrent.ThreadPoolExecutor.runWorker(ThreadPoolExecutor.java:1142)
	at java.util.concurrent.ThreadPoolExecutor$Worker.run(ThreadPoolExecutor.java:617)
	at java.lang.Thread.run(Thread.java:745)
... Removed 14 stack frames</div></td></tr></table><p class="totop"><a href="#summary">back to summary</a></p>
<h3 id="m5">testng.MultDoubleTest#multDoubleTest</h3><table class="result"><tr class="param"><th>Parameter #1</th><th>Parameter #2</th><th>Parameter #3</th></tr><tr class="param stripe"><td>1.1</td><td>2.1</td><td>2.31</td></tr><tr><th colspan="3">Exception</th></tr><tr><td colspan="3"><div class="stacktrace">java.lang.AssertionError: Operation error: result was rounded! expected [2.31] but found [2.0]
	at testng.MultDoubleTest.multDoubleTest(MultDoubleTest.java:12)
	at java.util.concurrent.ThreadPoolExecutor.runWorker(ThreadPoolExecutor.java:1142)
	at java.util.concurrent.ThreadPoolExecutor$Worker.run(ThreadPoolExecutor.java:617)
	at java.lang.Thread.run(Thread.java:745)
... Removed 14 stack frames</div></td></tr></table><p class="totop"><a href="#summary">back to summary</a></p>
<h3 id="m6">testng.PowTest#PowDoubleTest</h3><table class="result"><tr class="param"><th>Parameter #1</th><th>Parameter #2</th><th>Parameter #3</th></tr><tr class="param stripe"><td>2</td><td>1.1</td><td>2.14354693</td></tr><tr><th colspan="3">Exception</th></tr><tr><td colspan="3"><div class="stacktrace">java.lang.AssertionError: The result is rounded! Error in method implementation! expected [2.14354693] but found [2.0]
	at powDoubleTest(PowTest.java:12)
	at java.util.concurrent.ThreadPoolExecutor.runWorker(ThreadPoolExecutor.java:1142)
	at java.util.concurrent.ThreadPoolExecutor$Worker.run(ThreadPoolExecutor.java:617)
	at java.lang.Thread.run(Thread.java:745)
... Removed 14 stack frames</div></td></tr></table><p class="totop"><a href="#summary">back to summary</a></p>
<h3 id="m7">testng.TgTest#TgTest</h3><table class="result"><tr class="param"><th>Parameter #1</th><th>Parameter #2</th></tr><tr class="param stripe"><td>1</td><td>0.0699268</td></tr><tr><th colspan="2">Exception</th></tr><tr><td colspan="2"><div class="stacktrace">java.lang.AssertionError: wrong result. Method implementation is wrong expected [0.0699268] but found [1.0]
	at tgTest(TgTest.java:12)
	at java.util.concurrent.ThreadPoolExecutor.runWorker(ThreadPoolExecutor.java:1142)
	at java.util.concurrent.ThreadPoolExecutor$Worker.run(ThreadPoolExecutor.java:617)
	at java.lang.Thread.run(Thread.java:745)
... Removed 14 stack frames</div></td></tr></table><p class="totop"><a href="#summary">back to summary</a></p>
<h3 id="m8">testng.TgTest#TgTest</h3><table class="result"><tr class="param"><th>Parameter #1</th><th>Parameter #2</th></tr><tr class="param stripe"><td>6.25</td><td>0.1095178</td></tr><tr><th colspan="2">Exception</th></tr><tr><td colspan="2"><div class="stacktrace">java.lang.AssertionError: wrong result. Method implementation is wrong expected [0.1095178] but found [1.0]
	at tgTest(TgTest.java:12)
	at java.util.concurrent.ThreadPoolExecutor.runWorker(ThreadPoolExecutor.java:1142)
	at java.util.concurrent.ThreadPoolExecutor$Worker.run(ThreadPoolExecutor.java:617)
	at java.lang.Thread.run(Thread.java:745)
... Removed 14 stack frames</div></td></tr></table><p class="totop"><a href="#summary">back to summary</a></p>
<h3 id="m9">testng.TgTest#TgTest</h3><table class="result"><tr class="param"><th>Parameter #1</th><th>Parameter #2</th></tr><tr class="param stripe"><td>0</td><td>0</td></tr><tr><th colspan="2">Exception</th></tr><tr><td colspan="2"><div class="stacktrace">java.lang.AssertionError: wrong result. Method implementation is wrong expected [0.0] but found [NaN]
	at tgTest(TgTest.java:12)
	at java.util.concurrent.ThreadPoolExecutor.runWorker(ThreadPoolExecutor.java:1142)
	at java.util.concurrent.ThreadPoolExecutor$Worker.run(ThreadPoolExecutor.java:617)
	at java.lang.Thread.run(Thread.java:745)
... Removed 14 stack frames</div></td></tr></table><p class="totop"><a href="#summary">back to summary</a></p>
<h3 id="m10">testng.CtgTest#CgTest</h3><table class="result"><tr class="param"><th>Parameter #1</th><th>Parameter #2</th></tr><tr class="param stripe"><td>0</td><td>0</td></tr></table><p class="totop"><a href="#summary">back to summary</a></p>
<h3 id="m11">testng.DivDoubleTest#divDoubleTest</h3><table class="result"><tr class="param"><th>Parameter #1</th><th>Parameter #2</th><th>Parameter #3</th></tr><tr class="param stripe"><td>1</td><td>5</td><td>0.2</td></tr></table><p class="totop"><a href="#summary">back to summary</a></p>
<h3 id="m12">testng.DivDoubleTest#divDoubleTest</h3><table class="result"><tr class="param"><th>Parameter #1</th><th>Parameter #2</th><th>Parameter #3</th></tr><tr class="param stripe"><td>1.1</td><td>2.1</td><td>0.5238095238095238</td></tr></table><p class="totop"><a href="#summary">back to summary</a></p>
<h3 id="m13">testng.DivDoubleTest#divDoubleTest</h3><table class="result"><tr class="param"><th>Parameter #1</th><th>Parameter #2</th><th>Parameter #3</th></tr><tr class="param stripe"><td>5.0</td><td>5.0</td><td>1</td></tr></table><p class="totop"><a href="#summary">back to summary</a></p>
<h3 id="m14">testng.DivDoubleTest#divDoubleTest</h3><table class="result"><tr class="param"><th>Parameter #1</th><th>Parameter #2</th><th>Parameter #3</th></tr><tr class="param stripe"><td>1.0</td><td>-2.0</td><td>-0.5</td></tr></table><p class="totop"><a href="#summary">back to summary</a></p>
<h3 id="m15">testng.MultDoubleTest#multDoubleTest</h3><table class="result"><tr class="param"><th>Parameter #1</th><th>Parameter #2</th><th>Parameter #3</th></tr><tr class="param stripe"><td>1</td><td>5</td><td>5</td></tr></table><p class="totop"><a href="#summary">back to summary</a></p>
<h3 id="m16">testng.MultDoubleTest#multDoubleTest</h3><table class="result"><tr class="param"><th>Parameter #1</th><th>Parameter #2</th><th>Parameter #3</th></tr><tr class="param stripe"><td>5.0</td><td>5.0</td><td>25</td></tr></table><p class="totop"><a href="#summary">back to summary</a></p>
<h3 id="m17">testng.MultDoubleTest#multDoubleTest</h3><table class="result"><tr class="param"><th>Parameter #1</th><th>Parameter #2</th><th>Parameter #3</th></tr><tr class="param stripe"><td>1.0</td><td>-2.0</td><td>-2</td></tr></table><p class="totop"><a href="#summary">back to summary</a></p>
<h3 id="m18">testng.MultDoubleTest#multDoubleTest</h3><table class="result"><tr class="param"><th>Parameter #1</th><th>Parameter #2</th><th>Parameter #3</th></tr><tr class="param stripe"><td>0</td><td>0</td><td>0</td></tr></table><p class="totop"><a href="#summary">back to summary</a></p>
<h3 id="m19">testng.PowTest#PowDoubleTest</h3><table class="result"><tr class="param"><th>Parameter #1</th><th>Parameter #2</th><th>Parameter #3</th></tr><tr class="param stripe"><td>5</td><td>2</td><td>25</td></tr></table><p class="totop"><a href="#summary">back to summary</a></p>
<h3 id="m20">testng.PowTest#PowDoubleTest</h3><table class="result"><tr class="param"><th>Parameter #1</th><th>Parameter #2</th><th>Parameter #3</th></tr><tr class="param stripe"><td>0</td><td>0</td><td>1</td></tr></table><p class="totop"><a href="#summary">back to summary</a></p>
<h3 id="m21">testng.PowTest#PowDoubleTest</h3><table class="result"><tr class="param"><th>Parameter #1</th><th>Parameter #2</th><th>Parameter #3</th></tr><tr class="param stripe"><td>1</td><td>2</td><td>1</td></tr></table><p class="totop"><a href="#summary">back to summary</a></p>
<h3 id="m22">testng.PowTest#PowDoubleTest</h3><table class="result"><tr class="param"><th>Parameter #1</th><th>Parameter #2</th><th>Parameter #3</th></tr><tr class="param stripe"><td>1</td><td>-2</td><td>1</td></tr></table><p class="totop"><a href="#summary">back to summary</a></p>
<h3 id="m23">testng.SqrtTest#SqrtTest</h3><table class="result"><tr class="param"><th>Parameter #1</th><th>Parameter #2</th></tr><tr class="param stripe"><td>4</td><td>2</td></tr></table><p class="totop"><a href="#summary">back to summary</a></p>
<h3 id="m24">testng.SqrtTest#SqrtTest</h3><table class="result"><tr class="param"><th>Parameter #1</th><th>Parameter #2</th></tr><tr class="param stripe"><td>6.25</td><td>2.5</td></tr></table><p class="totop"><a href="#summary">back to summary</a></p>
<h3 id="m25">testng.SqrtTest#SqrtTest</h3><table class="result"><tr class="param"><th>Parameter #1</th><th>Parameter #2</th></tr><tr class="param stripe"><td>1</td><td>1</td></tr></table><p class="totop"><a href="#summary">back to summary</a></p>
<h3 id="m26">testng.SubDoubleTest#SubDoubleTest</h3><table class="result"><tr class="param"><th>Parameter #1</th><th>Parameter #2</th><th>Parameter #3</th></tr><tr class="param stripe"><td>5.0</td><td>5.0</td><td>0</td></tr></table><p class="totop"><a href="#summary">back to summary</a></p>
<h3 id="m27">testng.SubDoubleTest#SubDoubleTest</h3><table class="result"><tr class="param"><th>Parameter #1</th><th>Parameter #2</th><th>Parameter #3</th></tr><tr class="param stripe"><td>0</td><td>0</td><td>0</td></tr></table><p class="totop"><a href="#summary">back to summary</a></p>
<h3 id="m28">testng.SubDoubleTest#SubDoubleTest</h3><table class="result"><tr class="param"><th>Parameter #1</th><th>Parameter #2</th><th>Parameter #3</th></tr><tr class="param stripe"><td>1.0</td><td>-2.0</td><td>3</td></tr></table><p class="totop"><a href="#summary">back to summary</a></p>
<h3 id="m29">testng.SubDoubleTest#SubDoubleTest</h3><table class="result"><tr class="param"><th>Parameter #1</th><th>Parameter #2</th><th>Parameter #3</th></tr><tr class="param stripe"><td>1.0</td><td>2.0</td><td>-1</td></tr></table><p class="totop"><a href="#summary">back to summary</a></p>
<h3 id="m30">testng.SubDoubleTest#SubDoubleTest</h3><table class="result"><tr class="param"><th>Parameter #1</th><th>Parameter #2</th><th>Parameter #3</th></tr><tr class="param stripe"><td>1</td><td>5</td><td>-4</td></tr></table><p class="totop"><a href="#summary">back to summary</a></p>
<h3 id="m31">testng.SumDoubleTest#SumDoubleTest</h3><table class="result"><tr class="param"><th>Parameter #1</th><th>Parameter #2</th><th>Parameter #3</th></tr><tr class="param stripe"><td>5.0</td><td>5.0</td><td>10.0</td></tr></table><p class="totop"><a href="#summary">back to summary</a></p>
<h3 id="m32">testng.SumDoubleTest#SumDoubleTest</h3><table class="result"><tr class="param"><th>Parameter #1</th><th>Parameter #2</th><th>Parameter #3</th></tr><tr class="param stripe"><td>1.0</td><td>-2.0</td><td>-1</td></tr></table><p class="totop"><a href="#summary">back to summary</a></p>
<h3 id="m33">testng.SumDoubleTest#SumDoubleTest</h3><table class="result"><tr class="param"><th>Parameter #1</th><th>Parameter #2</th><th>Parameter #3</th></tr><tr class="param stripe"><td>-9</td><td>-8.5</td><td>-17.5</td></tr></table><p class="totop"><a href="#summary">back to summary</a></p>
<h3 id="m34">testng.SumDoubleTest#SumDoubleTest</h3><table class="result"><tr class="param"><th>Parameter #1</th><th>Parameter #2</th><th>Parameter #3</th></tr><tr class="param stripe"><td>1.1</td><td>2.0</td><td>3.1</td></tr></table><p class="totop"><a href="#summary">back to summary</a></p>
<h3 id="m35">testng.SumDoubleTest#SumDoubleTest</h3><table class="result"><tr class="param"><th>Parameter #1</th><th>Parameter #2</th><th>Parameter #3</th></tr><tr class="param stripe"><td>-1</td><td>2.0</td><td>1</td></tr></table><p class="totop"><a href="#summary">back to summary</a></p>
<h3 id="m36">testng.SumDoubleTest#SumDoubleTest</h3><table class="result"><tr class="param"><th>Parameter #1</th><th>Parameter #2</th><th>Parameter #3</th></tr><tr class="param stripe"><td>0</td><td>0</td><td>0</td></tr></table><p class="totop"><a href="#summary">back to summary</a></p>
</body>
</html>
