<?xml version="1.0" encoding="UTF-8"?>
<!-- Generated by org.testng.reporters.JUnitReportReporter -->
<testsuite skipped="0" hostname="Irynas-MacBook-Pro.local" name="testng.MultDoubleTest" tests="5" failures="1" timestamp="11 Aug 2019 08:35:12 GMT" time="0.002" errors="0">
  <testcase name="multDoubleTest" time="0.000" classname="testng.MultDoubleTest"/>
  <testcase name="multDoubleTest" time="0.001" classname="testng.MultDoubleTest">
    <failure type="java.lang.AssertionError" message="Operation error: result was rounded! expected [2.31] but found [2.0]">
      <![CDATA[java.lang.AssertionError: Operation error: result was rounded! expected [2.31] but found [2.0]
at org.testng.Assert.fail(Assert.java:96)
at org.testng.Assert.failNotEquals(Assert.java:776)
at org.testng.Assert.assertEqualsImpl(Assert.java:137)
at org.testng.Assert.assertEquals(Assert.java:118)
at testng.MultDoubleTest.multDoubleTest(MultDoubleTest.java:12)
at sun.reflect.NativeMethodAccessorImpl.invoke0(Native Method)
at sun.reflect.NativeMethodAccessorImpl.invoke(NativeMethodAccessorImpl.java:62)
at sun.reflect.DelegatingMethodAccessorImpl.invoke(DelegatingMethodAccessorImpl.java:43)
at java.lang.reflect.Method.invoke(Method.java:498)
at org.testng.internal.MethodInvocationHelper.invokeMethod(MethodInvocationHelper.java:124)
at org.testng.internal.Invoker.invokeMethod(Invoker.java:583)
at org.testng.internal.Invoker.invokeTestMethod(Invoker.java:719)
at org.testng.internal.Invoker.invokeTestMethods(Invoker.java:989)
at org.testng.internal.TestMethodWorker.invokeTestMethods(TestMethodWorker.java:125)
at org.testng.internal.TestMethodWorker.run(TestMethodWorker.java:109)
at java.util.concurrent.ThreadPoolExecutor.runWorker(ThreadPoolExecutor.java:1142)
at java.util.concurrent.ThreadPoolExecutor$Worker.run(ThreadPoolExecutor.java:617)
at java.lang.Thread.run(Thread.java:745)
]]>
    </failure>
  </testcase> <!-- multDoubleTest -->
  <testcase name="multDoubleTest" time="0.000" classname="testng.MultDoubleTest"/>
  <testcase name="multDoubleTest" time="0.001" classname="testng.MultDoubleTest"/>
  <testcase name="multDoubleTest" time="0.000" classname="testng.MultDoubleTest"/>
</testsuite> <!-- testng.MultDoubleTest -->
